[27/Feb/2021:15:15:04] (I): WordPress Instance Info:
[27/Feb/2021:15:15:04] (I): Home URL : http://recruitment.creativesolve.pl
[27/Feb/2021:15:15:04] (I): Site URL : http://recruitment.creativesolve.pl
[27/Feb/2021:15:15:04] (I): WordPress Version : 5.6.2
[27/Feb/2021:15:15:04] (I): Onboarding Version : 1.1.4
[27/Feb/2021:15:15:04] (I): Multisite : No
[27/Feb/2021:15:15:04] (I): Server Info : LiteSpeed
[27/Feb/2021:15:15:04] (I): PHP Version : 7.3.23-dh35
[27/Feb/2021:15:15:04] (I): HTTPS : No
[27/Feb/2021:15:15:04] (I): PHP Max Execution Time : 240
[27/Feb/2021:15:15:04] (I): PHP Max Input Vars : 6000
[27/Feb/2021:15:15:04] (I): Max Upload Size : 33554432
[27/Feb/2021:15:15:04] (I): Plugins:
[27/Feb/2021:15:15:04] (I): [PLUGIN] Templates Patterns Collection : v1.1.4 (ThemeIsle)
[27/Feb/2021:15:15:04] (P): Saving remote XML
[27/Feb/2021:15:15:04] (S): Saved remote XML at path /home/klient.dhosting.pl/csdev/recruitment.creativesolve.pl/public_html/wp-content/uploads/themeisle-demo-import.xml.
[27/Feb/2021:15:15:04] (P): Starting content import...
[27/Feb/2021:15:15:04] (S): Import started.
[27/Feb/2021:15:15:04] (S): Parsing XML file.
[27/Feb/2021:15:15:04] (P): Starting parsing file:/home/klient.dhosting.pl/csdev/recruitment.creativesolve.pl/public_html/wp-content/uploads/themeisle-demo-import.xml
[27/Feb/2021:15:15:04] (P): Using WXR_Parser_SimpleXML...
[27/Feb/2021:15:15:04] (S): Parsed XML
[27/Feb/2021:15:15:04] (P): Processing categories...
[27/Feb/2021:15:15:04] (S): Processed categories.
[27/Feb/2021:15:15:04] (P): Processing tags...
[27/Feb/2021:15:15:04] (S): No tags to process.
[27/Feb/2021:15:15:04] (P): Processing terms...
[27/Feb/2021:15:15:04] (S): Processed terms.
[27/Feb/2021:15:15:04] (P): Processing posts...
[27/Feb/2021:15:15:04] (P): Processing attachment: https://s33834.pcdn.co/web-agency-gb/wp-content/uploads/sites/422/2020/01/neve-webdesign-GB-01.png...
[27/Feb/2021:15:15:04] (P): Fetching attachment from url: https://s33834.pcdn.co/web-agency-gb/wp-content/uploads/sites/422/2020/01/neve-webdesign-GB-01.png...
[27/Feb/2021:15:15:04] (S): Fetched remote attachment.
[27/Feb/2021:15:15:04] (P): Inserting attachment...
[27/Feb/2021:15:15:04] (S): Attachment inserted
[27/Feb/2021:15:15:04] (S): Processed attachment.
[27/Feb/2021:15:15:04] (P): Processing attachment: https://s33834.pcdn.co/web-agency-gb/wp-content/uploads/sites/422/2020/01/neve-webdesign-GB-03.png...
[27/Feb/2021:15:15:04] (P): Fetching attachment from url: https://s33834.pcdn.co/web-agency-gb/wp-content/uploads/sites/422/2020/01/neve-webdesign-GB-03.png...
[27/Feb/2021:15:15:04] (S): Fetched remote attachment.
[27/Feb/2021:15:15:04] (P): Inserting attachment...
[27/Feb/2021:15:15:04] (S): Attachment inserted
[27/Feb/2021:15:15:05] (S): Processed attachment.
[27/Feb/2021:15:15:05] (P): Processing attachment: https://s33834.pcdn.co/web-agency-gb/wp-content/uploads/sites/422/2020/01/neve-webdesign-GB-04.png...
[27/Feb/2021:15:15:05] (P): Fetching attachment from url: https://s33834.pcdn.co/web-agency-gb/wp-content/uploads/sites/422/2020/01/neve-webdesign-GB-04.png...
[27/Feb/2021:15:15:05] (S): Fetched remote attachment.
[27/Feb/2021:15:15:05] (P): Inserting attachment...
[27/Feb/2021:15:15:05] (S): Attachment inserted
[27/Feb/2021:15:15:05] (S): Processed attachment.
[27/Feb/2021:15:15:05] (P): Processing attachment: https://s33834.pcdn.co/web-agency-gb/wp-content/uploads/sites/422/2020/01/neve-web-design-bg-08.jpg...
[27/Feb/2021:15:15:05] (P): Fetching attachment from url: https://s33834.pcdn.co/web-agency-gb/wp-content/uploads/sites/422/2020/01/neve-web-design-bg-08.jpg...
[27/Feb/2021:15:15:05] (S): Fetched remote attachment.
[27/Feb/2021:15:15:05] (P): Inserting attachment...
[27/Feb/2021:15:15:05] (S): Attachment inserted
[27/Feb/2021:15:15:05] (S): Processed attachment.
[27/Feb/2021:15:15:05] (P): Processing attachment: https://s33834.pcdn.co/web-agency-gb/wp-content/uploads/sites/422/2020/01/neve-web-design-bg-09.jpg...
[27/Feb/2021:15:15:05] (P): Fetching attachment from url: https://s33834.pcdn.co/web-agency-gb/wp-content/uploads/sites/422/2020/01/neve-web-design-bg-09.jpg...
[27/Feb/2021:15:15:05] (S): Fetched remote attachment.
[27/Feb/2021:15:15:05] (P): Inserting attachment...
[27/Feb/2021:15:15:05] (S): Attachment inserted
[27/Feb/2021:15:15:05] (S): Processed attachment.
[27/Feb/2021:15:15:05] (P): Processing attachment: https://s33834.pcdn.co/web-agency-gb/wp-content/uploads/sites/422/2020/01/neve-web-design-bg-10.jpg...
[27/Feb/2021:15:15:05] (P): Fetching attachment from url: https://s33834.pcdn.co/web-agency-gb/wp-content/uploads/sites/422/2020/01/neve-web-design-bg-10.jpg...
[27/Feb/2021:15:15:05] (S): Fetched remote attachment.
[27/Feb/2021:15:15:05] (P): Inserting attachment...
[27/Feb/2021:15:15:05] (S): Attachment inserted
[27/Feb/2021:15:15:05] (S): Processed attachment.
[27/Feb/2021:15:15:05] (P): Processing attachment: https://s33834.pcdn.co/web-agency-gb/wp-content/uploads/sites/422/2020/01/neve-web-design-bg-11.jpg...
[27/Feb/2021:15:15:05] (P): Fetching attachment from url: https://s33834.pcdn.co/web-agency-gb/wp-content/uploads/sites/422/2020/01/neve-web-design-bg-11.jpg...
[27/Feb/2021:15:15:05] (S): Fetched remote attachment.
[27/Feb/2021:15:15:05] (P): Inserting attachment...
[27/Feb/2021:15:15:05] (S): Attachment inserted
[27/Feb/2021:15:15:05] (S): Processed attachment.
[27/Feb/2021:15:15:05] (P): Processing attachment: https://s33834.pcdn.co/web-agency-gb/wp-content/uploads/sites/422/2020/01/neve-web-design-bg-12.jpg...
[27/Feb/2021:15:15:05] (P): Fetching attachment from url: https://s33834.pcdn.co/web-agency-gb/wp-content/uploads/sites/422/2020/01/neve-web-design-bg-12.jpg...
[27/Feb/2021:15:15:05] (S): Fetched remote attachment.
[27/Feb/2021:15:15:05] (P): Inserting attachment...
[27/Feb/2021:15:15:05] (S): Attachment inserted
[27/Feb/2021:15:15:05] (S): Processed attachment.
[27/Feb/2021:15:15:05] (P): Processing attachment: https://s33834.pcdn.co/web-agency-gb/wp-content/uploads/sites/422/2020/01/neve-web-design-bg-13.jpg...
[27/Feb/2021:15:15:05] (P): Fetching attachment from url: https://s33834.pcdn.co/web-agency-gb/wp-content/uploads/sites/422/2020/01/neve-web-design-bg-13.jpg...
[27/Feb/2021:15:15:05] (S): Fetched remote attachment.
[27/Feb/2021:15:15:05] (P): Inserting attachment...
[27/Feb/2021:15:15:05] (S): Attachment inserted
[27/Feb/2021:15:15:05] (S): Processed attachment.
[27/Feb/2021:15:15:05] (P): Processing attachment: https://s33834.pcdn.co/web-agency-gb/wp-content/uploads/sites/422/2020/01/neve-web-design-bg-14.jpg...
[27/Feb/2021:15:15:05] (P): Fetching attachment from url: https://s33834.pcdn.co/web-agency-gb/wp-content/uploads/sites/422/2020/01/neve-web-design-bg-14.jpg...
[27/Feb/2021:15:15:05] (S): Fetched remote attachment.
[27/Feb/2021:15:15:05] (P): Inserting attachment...
[27/Feb/2021:15:15:05] (S): Attachment inserted
[27/Feb/2021:15:15:05] (S): Processed attachment.
[27/Feb/2021:15:15:05] (P): Processing attachment: https://s33834.pcdn.co/web-agency-gb/wp-content/uploads/sites/422/2020/01/neve-web-design-bg-15.jpg...
[27/Feb/2021:15:15:05] (P): Fetching attachment from url: https://s33834.pcdn.co/web-agency-gb/wp-content/uploads/sites/422/2020/01/neve-web-design-bg-15.jpg...
[27/Feb/2021:15:15:06] (S): Fetched remote attachment.
[27/Feb/2021:15:15:06] (P): Inserting attachment...
[27/Feb/2021:15:15:06] (S): Attachment inserted
[27/Feb/2021:15:15:06] (S): Processed attachment.
[27/Feb/2021:15:15:06] (P): Processing attachment: https://s33834.pcdn.co/web-agency-gb/wp-content/uploads/sites/422/2020/06/cropped-web-agency-logo-2.png...
[27/Feb/2021:15:15:06] (P): Fetching attachment from url: https://s33834.pcdn.co/web-agency-gb/wp-content/uploads/sites/422/2020/06/cropped-web-agency-logo-2.png...
[27/Feb/2021:15:15:06] (S): Fetched remote attachment.
[27/Feb/2021:15:15:06] (P): Inserting attachment...
[27/Feb/2021:15:15:06] (S): Attachment inserted
[27/Feb/2021:15:15:06] (S): Processed attachment.
[27/Feb/2021:15:15:06] (P): Processing attachment: https://s33834.pcdn.co/web-agency-gb/wp-content/uploads/sites/422/2020/06/cropped-web-agency-icon.png...
[27/Feb/2021:15:15:06] (P): Fetching attachment from url: https://s33834.pcdn.co/web-agency-gb/wp-content/uploads/sites/422/2020/06/cropped-web-agency-icon.png...
[27/Feb/2021:15:15:06] (S): Fetched remote attachment.
[27/Feb/2021:15:15:06] (P): Inserting attachment...
[27/Feb/2021:15:15:06] (S): Attachment inserted
[27/Feb/2021:15:15:06] (S): Processed attachment.
[27/Feb/2021:15:15:06] (P): Processing attachment: https://s33834.pcdn.co/web-agency-gb/wp-content/uploads/sites/422/2020/07/web-design-studio-01.jpg.jpg...
[27/Feb/2021:15:15:06] (P): Fetching attachment from url: https://s33834.pcdn.co/web-agency-gb/wp-content/uploads/sites/422/2020/07/web-design-studio-01.jpg.jpg...
[27/Feb/2021:15:15:06] (S): Fetched remote attachment.
[27/Feb/2021:15:15:06] (P): Inserting attachment...
[27/Feb/2021:15:15:06] (S): Attachment inserted
[27/Feb/2021:15:15:06] (S): Processed attachment.
[27/Feb/2021:15:15:06] (P): Inserting custom_css: neve .
[27/Feb/2021:15:15:06] (S): Done inserting custom_css: neve .
[27/Feb/2021:15:15:06] (P): Processing attachment: https://s33834.pcdn.co/web-agency-gb/wp-content/uploads/sites/422/2020/12/web-agency-logo-3.png...
[27/Feb/2021:15:15:06] (P): Fetching attachment from url: https://s33834.pcdn.co/web-agency-gb/wp-content/uploads/sites/422/2020/12/web-agency-logo-3.png...
[27/Feb/2021:15:15:06] (S): Fetched remote attachment.
[27/Feb/2021:15:15:06] (P): Inserting attachment...
[27/Feb/2021:15:15:06] (S): Attachment inserted
[27/Feb/2021:15:15:06] (S): Processed attachment.
[27/Feb/2021:15:15:06] (P): Processing attachment: https://s33834.pcdn.co/web-agency-gb/wp-content/uploads/sites/422/2020/12/neve-web-design-studio-02.1.jpg...
[27/Feb/2021:15:15:06] (P): Fetching attachment from url: https://s33834.pcdn.co/web-agency-gb/wp-content/uploads/sites/422/2020/12/neve-web-design-studio-02.1.jpg...
[27/Feb/2021:15:15:06] (S): Fetched remote attachment.
[27/Feb/2021:15:15:06] (P): Inserting attachment...
[27/Feb/2021:15:15:06] (S): Attachment inserted
[27/Feb/2021:15:15:06] (S): Processed attachment.
[27/Feb/2021:15:15:06] (P): Processing attachment: https://s33834.pcdn.co/web-agency-gb/wp-content/uploads/sites/422/2020/12/neve-web-design-studio-03.1.jpg...
[27/Feb/2021:15:15:06] (P): Fetching attachment from url: https://s33834.pcdn.co/web-agency-gb/wp-content/uploads/sites/422/2020/12/neve-web-design-studio-03.1.jpg...
[27/Feb/2021:15:15:06] (S): Fetched remote attachment.
[27/Feb/2021:15:15:06] (P): Inserting attachment...
[27/Feb/2021:15:15:06] (S): Attachment inserted
[27/Feb/2021:15:15:06] (S): Processed attachment.
[27/Feb/2021:15:15:06] (P): Processing attachment: https://s33834.pcdn.co/web-agency-gb/wp-content/uploads/sites/422/2020/12/neve-web-design-studio-04.1.jpg...
[27/Feb/2021:15:15:06] (P): Fetching attachment from url: https://s33834.pcdn.co/web-agency-gb/wp-content/uploads/sites/422/2020/12/neve-web-design-studio-04.1.jpg...
[27/Feb/2021:15:15:07] (S): Fetched remote attachment.
[27/Feb/2021:15:15:07] (P): Inserting attachment...
[27/Feb/2021:15:15:07] (S): Attachment inserted
[27/Feb/2021:15:15:07] (S): Processed attachment.
[27/Feb/2021:15:15:07] (P): Processing attachment: https://s33834.pcdn.co/web-agency-gb/wp-content/uploads/sites/422/2020/12/neve-web-design-studio-07.1.png...
[27/Feb/2021:15:15:07] (P): Fetching attachment from url: https://s33834.pcdn.co/web-agency-gb/wp-content/uploads/sites/422/2020/12/neve-web-design-studio-07.1.png...
[27/Feb/2021:15:15:07] (S): Fetched remote attachment.
[27/Feb/2021:15:15:07] (P): Inserting attachment...
[27/Feb/2021:15:15:07] (S): Attachment inserted
[27/Feb/2021:15:15:07] (S): Processed attachment.
[27/Feb/2021:15:15:07] (P): Inserting post: 5 UX Principles for Creating a Great Website .
[27/Feb/2021:15:15:07] (S): Done inserting post: 5 UX Principles for Creating a Great Website .
[27/Feb/2021:15:15:07] (P): Inserting page: News .
[27/Feb/2021:15:15:07] (S): Done inserting page: News .
[27/Feb/2021:15:15:07] (P): Inserting page: Home .
[27/Feb/2021:15:15:07] (S): Done inserting page: Home .
[27/Feb/2021:15:15:07] (P): Processing single menu item ' '...
[27/Feb/2021:15:15:07] (S): Processed single menu item.
[27/Feb/2021:15:15:07] (P): Processing single menu item ' '...
[27/Feb/2021:15:15:07] (S): Processed single menu item.
[27/Feb/2021:15:15:07] (P): Inserting post: Web Design Trends for 2020 .
[27/Feb/2021:15:15:07] (S): Done inserting post: Web Design Trends for 2020 .
[27/Feb/2021:15:15:07] (P): Inserting post: A Simple Guide to Design Thinking .
[27/Feb/2021:15:15:07] (S): Done inserting post: A Simple Guide to Design Thinking .
[27/Feb/2021:15:15:07] (P): Inserting wp_block: 3 column section .
[27/Feb/2021:15:15:07] (S): Done inserting wp_block: 3 column section .
[27/Feb/2021:15:15:07] (P): Inserting page: About Us .
[27/Feb/2021:15:15:07] (S): Done inserting page: About Us .
[27/Feb/2021:15:15:07] (P): Processing single menu item ' '...
[27/Feb/2021:15:15:07] (S): Processed single menu item.
[27/Feb/2021:15:15:07] (P): Inserting page: Portfolio .
[27/Feb/2021:15:15:07] (S): Done inserting page: Portfolio .
[27/Feb/2021:15:15:07] (P): Inserting page: Portfolio Single .
[27/Feb/2021:15:15:07] (S): Done inserting page: Portfolio Single .
[27/Feb/2021:15:15:07] (P): Processing single menu item ' '...
[27/Feb/2021:15:15:07] (S): Processed single menu item.
[27/Feb/2021:15:15:07] (P): Processing single menu item ' '...
[27/Feb/2021:15:15:08] (S): Processed single menu item.
[27/Feb/2021:15:15:08] (P): Inserting page: Contact Us .
[27/Feb/2021:15:15:08] (S): Done inserting page: Contact Us .
[27/Feb/2021:15:15:08] (P): Processing single menu item ' '...
[27/Feb/2021:15:15:08] (S): Processed single menu item.
[27/Feb/2021:15:15:08] (P): Inserting wp_block: Team Social Icons .
[27/Feb/2021:15:15:08] (S): Done inserting wp_block: Team Social Icons .
[27/Feb/2021:15:15:08] (S): Processed posts.
[27/Feb/2021:15:15:08] (P): Cleaning up import with id ...
[27/Feb/2021:15:15:08] (P): Done cleanup. Flushing cache...
[27/Feb/2021:15:15:08] (P): Flushed cache. Removing temporary data..
[27/Feb/2021:15:15:08] (S): Done importing
[27/Feb/2021:15:15:08] (P): Busting elementor cache
[27/Feb/2021:15:15:08] (S): Front page set up with id: 5.
