********************************************************************************
DUPLICATOR-LITE PACKAGE-LOG: 28 February 2021 18:03
NOTICE: Do NOT post to public sites or forums 
********************************************************************************
VERSION:	1.3.40.1
WORDPRESS:	5.6.2
PHP INFO:	7.2.19 | SAPI: apache2handler
SERVER:		Apache/2.4.35 (Win64) OpenSSL/1.1.1b PHP/7.2.19 
PHP TIME LIMIT: (0) no time limit imposed 
PHP MAX MEMORY: 4294967296 (512M default) 
MEMORY STACK: 28MB

********************************************************************************
DATABASE:
********************************************************************************
BUILD MODE:   MYSQLDUMP
MYSQLTIMEOUT: 5000
MYSQLDUMP:    Is Supported
SQL CREATED: 20210228_recruitment_1bd36e36efeec0d38038_20210228180310_database.sql
SQL FILE SIZE: 462.07KB (473162)
SQL FILE TIME: 2021-02-28 18:03:20
SQL RUNTIME: 3.51 sec.

********************************************************************************
ARCHIVE (ZIP):
********************************************************************************
ARCHIVE DIR:  C:/laragon/www/recruitment.creativesolve
ARCHIVE FILE: 20210228_recruitment_1bd36e36efeec0d38038_20210228180310_archive.zip
FILTERS: *OFF*
DIRS:
	not set
FILES:
	not set
EXTS:  not set
----------------------------------------
COMPRESSING
SIZE:	100.24MB
STATS:	Dirs 781 | Files 6,883
SQL ADDED: 20210228_recruitment_1bd36e36efeec0d38038_20210228180310_database.sql
ZipArchive Object
(
    [status] => 0
    [statusSys] => 0
    [numFiles] => 7664
    [filename] => C:\laragon\www\recruitment.creativesolve\wp-content\backups-dup-lite\tmp\20210228_recruitment_1bd36e36efeec0d38038_20210228180310_archive.zip
    [comment] => 
)

FILE ADDED TO ZIP: 7663
COMPRESSION RESULT: '1'
COMPRESSED SIZE: 52.9MB
ARCHIVE RUNTIME: 49.38 sec.
MEMORY STACK: 30MB
building installer
add_extra_files1
add_extra_files2
add_extra_files3
add_extra_files4
Doing archive file check
add_extra_files5
add_extra_files6
add_extra_files8
Successfully opened zip C:/laragon/www/recruitment.creativesolve/wp-content/backups-dup-lite/tmp/20210228_recruitment_1bd36e36efeec0d38038_20210228180310_archive.zip
Adding enhanced installer files to archive using ZipArchive
Installer files added to archive
Added to archive
After ziparchive close when adding installer

********************************************************************************
INTEGRITY CHECKS:
********************************************************************************
SQL FILE: 462.07KB
INSTALLER FILE: 61.29KB
ARCHIVE FILE: 54.49MB 
EXPECTED FILE/DIRECTORY COUNT: 7,664
ACTUAL FILE/DIRECTORY COUNT: 7,663
ARCHIVE CONSISTENCY TEST: Pass

********************************************************************************
RECORD ID:[1]
TOTAL PROCESS RUNTIME: 54.06 sec.
PEAK PHP MEMORY USED: 32MB
DONE PROCESSING => 20210228_recruitment 28 February 2021 18:04

